[debug] [2026-02-12T10:24:10.864Z] ----------------------------------------------------------------------
[debug] [2026-02-12T10:24:10.866Z] Command:       /Users/berkeseker/.nvm/versions/node/v24.12.0/bin/node /Users/berkeseker/.nvm/versions/node/v24.12.0/bin/firebase init
[debug] [2026-02-12T10:24:10.866Z] CLI Version:   15.3.1
[debug] [2026-02-12T10:24:10.866Z] Platform:      darwin
[debug] [2026-02-12T10:24:10.866Z] Node Version:  v24.12.0
[debug] [2026-02-12T10:24:10.866Z] Time:          Thu Feb 12 2026 13:24:10 GMT+0300 (GMT+03:00)
[debug] [2026-02-12T10:24:10.866Z] ----------------------------------------------------------------------
[debug] 
[info] 
     ######## #### ########  ######## ########     ###     ######  ########
     ##        ##  ##     ## ##       ##     ##  ##   ##  ##       ##
     ######    ##  ########  ######   ########  #########  ######  ######
     ##        ##  ##    ##  ##       ##     ## ##     ##       ## ##
     ##       #### ##     ## ######## ########  ##     ##  ######  ########

You're about to initialize a Firebase project in this directory:

  /Users/berkeseker/Documents/Repositories/ICS-APP-FRONT

[debug] [2026-02-12T10:24:18.165Z] ExitPromptError: User force closed the prompt with SIGINT
    at Interface.sigint (/Users/berkeseker/.nvm/versions/node/v24.12.0/lib/node_modules/firebase-tools/node_modules/@inquirer/core/dist/commonjs/lib/create-prompt.js:101:37)
    at Interface.emit (node:events:508:28)
    at [_ttyWrite] [as _ttyWrite] (node:internal/readline/interface:1327:18)
    at ReadStream.onkeypress (node:internal/readline/interface:284:20)
    at ReadStream.emit (node:events:520:35)
    at emitKeys (node:internal/readline/utils:371:14)
    at emitKeys.next (<anonymous>)
    at ReadStream.onData (node:internal/readline/emitKeypressEvents:64:36)
    at ReadStream.emit (node:events:508:28)
    at addChunk (node:internal/streams/readable:559:12)
[error] 
[error] Error: An unexpected error has occurred.
